<?xml version="1.0" encoding="UTF-8"?>
<!-- Generated by org.testng.reporters.JUnitReportReporter -->
<testsuite skipped="0" hostname="LAPTOP-7NC8C0E5" name="com.trivago.tests.TitleAndLogoTest" tests="2" failures="0" timestamp="12 Apr 2020 15:56:01 GMT" time="0.592" errors="0">
  <testcase name="trivagoPageTitleTest" time="0.474" classname="com.trivago.tests.TitleAndLogoTest"/>
  <testcase name="trivagoLogoTest" time="0.118" classname="com.trivago.tests.TitleAndLogoTest"/>
</testsuite> <!-- com.trivago.tests.TitleAndLogoTest -->
