<?xml version="1.0" encoding="UTF-8"?>
<!-- Generated by org.testng.reporters.JUnitReportReporter -->
<testsuite skipped="0" hostname="LAPTOP-7NC8C0E5" name="com.trivago.tests.TitleAndLogoTest" tests="2" failures="0" timestamp="04 May 2019 15:18:15 GMT" time="68.983" errors="0">
  <testcase name="trivagoPageTitleTest" time="36.775" classname="com.trivago.tests.TitleAndLogoTest"/>
  <testcase name="trivagoLogoTest" time="32.208" classname="com.trivago.tests.TitleAndLogoTest"/>
</testsuite> <!-- com.trivago.tests.TitleAndLogoTest -->
