<?xml version="1.0" encoding="UTF-8"?>
<!-- Generated by org.testng.reporters.JUnitReportReporter -->
<testsuite skipped="0" hostname="LAPTOP-7NC8C0E5" name="com.trivago.tests.SearchHotelTest" tests="1" failures="0" timestamp="19 Apr 2020 17:16:25 GMT" time="32.067" errors="0">
  <testcase name="searchHotels" time="32.067" classname="com.trivago.tests.SearchHotelTest"/>
</testsuite> <!-- com.trivago.tests.SearchHotelTest -->
