<?xml version="1.0" encoding="UTF-8"?>
<!-- Generated by org.testng.reporters.JUnitReportReporter -->
<testsuite skipped="0" hostname="LAPTOP-7NC8C0E5" name="com.trivago.tests.ResultsPageTest" tests="1" failures="0" timestamp="05 May 2019 07:53:30 GMT" time="69.809" errors="0">
  <testcase name="printdetails" time="69.809" classname="com.trivago.tests.ResultsPageTest"/>
</testsuite> <!-- com.trivago.tests.ResultsPageTest -->
