<?xml version="1.0" encoding="UTF-8"?>
<!-- Generated by org.testng.reporters.JUnitReportReporter -->
<testsuite skipped="0" hostname="LAPTOP-7NC8C0E5" name="com.trivago.tests.SearchHotelTest" tests="1" failures="0" timestamp="04 May 2019 15:56:42 GMT" time="28.599" errors="0">
  <testcase name="searchHotels" time="28.599" classname="com.trivago.tests.SearchHotelTest"/>
</testsuite> <!-- com.trivago.tests.SearchHotelTest -->
